{"receipt_id":56,"receipt_no":9,"transaction_date":"2024-10-14T14:00:01","customer":" ","total_amount":"600.00","payment_channel":""}
{"receipt_id":55,"receipt_no":8,"transaction_date":"2024-10-14T13:56:20","customer":" ","total_amount":"1400.00","payment_channel":""}
{"receipt_id":49,"receipt_no":6,"transaction_date":"2024-10-14T13:15:32","customer":" ","total_amount":"650.00","payment_channel":""}
{"receipt_id":47,"receipt_no":4,"transaction_date":"2024-10-14T13:07:11","customer":" ","total_amount":"1400.00","payment_channel":""}
{"receipt_id":60,"receipt_no":12,"transaction_date":"2024-10-14T14:21:31","customer":" ","total_amount":"200.00","payment_channel":""}
{"receipt_id":61,"receipt_no":13,"transaction_date":"2024-10-14T14:26:02","customer":" ","total_amount":"350.00","payment_channel":""}
{"receipt_id":66,"receipt_no":16,"transaction_date":"2024-10-14T17:24:45","customer":" ","total_amount":"500.00","payment_channel":""}
{"receipt_id":68,"receipt_no":17,"transaction_date":"2024-10-14T15:29:28","customer":" ","total_amount":"400.00","payment_channel":""}
{"receipt_id":79,"receipt_no":23,"transaction_date":"2024-10-14T16:34:10","customer":" ","total_amount":"600.00","payment_channel":""}
{"receipt_id":80,"receipt_no":24,"transaction_date":"2024-10-14T17:31:29","customer":" ","total_amount":"3400.00","payment_channel":""}
{"receipt_id":81,"receipt_no":25,"transaction_date":"2024-10-14T17:31:50","customer":" ","total_amount":"150.00","payment_channel":""}
{"receipt_id":83,"receipt_no":27,"transaction_date":"2024-10-14T20:10:39","customer":" ","total_amount":"1240.00","payment_channel":""}
{"receipt_id":88,"receipt_no":32,"transaction_date":"2024-10-14T20:39:32","customer":" ","total_amount":"4020.00","payment_channel":""}
{"receipt_id":111,"receipt_no":43,"transaction_date":"2024-10-15T15:31:22","customer":" ","total_amount":"4100.00","payment_channel":""}
{"receipt_id":115,"receipt_no":47,"transaction_date":"2024-10-15T13:50:32","customer":" ","total_amount":"1300.00","payment_channel":""}
{"receipt_id":124,"receipt_no":50,"transaction_date":"2024-10-15T13:34:38","customer":" ","total_amount":"200.00","payment_channel":""}
{"receipt_id":127,"receipt_no":53,"transaction_date":"2024-10-15T13:53:30","customer":" ","total_amount":"150.00","payment_channel":""}
{"receipt_id":161,"receipt_no":70,"transaction_date":"2024-10-15T17:52:24","customer":" ","total_amount":"550.00","payment_channel":""}
{"receipt_id":162,"receipt_no":71,"transaction_date":"2024-10-15T17:54:17","customer":" ","total_amount":"200.00","payment_channel":""}
{"receipt_id":167,"receipt_no":74,"transaction_date":"2024-10-15T18:33:17","customer":" ","total_amount":"300.00","payment_channel":""}
{"receipt_id":203,"receipt_no":93,"transaction_date":"2024-10-16T16:05:00","customer":" ","total_amount":"1100.00","payment_channel":""}
{"receipt_id":208,"receipt_no":96,"transaction_date":"2024-10-16T14:09:23","customer":" ","total_amount":"850.00","payment_channel":""}
{"receipt_id":258,"receipt_no":121,"transaction_date":"2024-10-16T18:42:51","customer":" ","total_amount":"940.00","payment_channel":""}
{"receipt_id":261,"receipt_no":123,"transaction_date":"2024-10-16T18:52:07","customer":" ","total_amount":"30.00","payment_channel":""}
{"receipt_id":366,"receipt_no":175,"transaction_date":"2024-10-18T13:33:01","customer":" ","total_amount":"1150.00","payment_channel":""}
{"receipt_id":369,"receipt_no":178,"transaction_date":"2024-10-18T13:58:21","customer":" ","total_amount":"600.00","payment_channel":""}
{"receipt_id":381,"receipt_no":184,"transaction_date":"2024-10-18T15:45:03","customer":" ","total_amount":"280.00","payment_channel":""}
{"receipt_id":406,"receipt_no":197,"transaction_date":"2024-10-18T20:37:58","customer":" ","total_amount":"3370.00","payment_channel":""}
{"receipt_id":437,"receipt_no":214,"transaction_date":"2024-10-19T19:46:50","customer":" ","total_amount":"650.00","payment_channel":""}
{"receipt_id":438,"receipt_no":215,"transaction_date":"2024-10-19T19:58:59","customer":" ","total_amount":"30.00","payment_channel":""}
{"receipt_id":468,"receipt_no":229,"transaction_date":"2024-10-21T16:12:40","customer":" ","total_amount":"0","payment_channel":""}
{"receipt_id":471,"receipt_no":231,"transaction_date":"2024-10-21T16:46:43","customer":" ","total_amount":"200","payment_channel":""}
{"receipt_id":494,"receipt_no":243,"transaction_date":"2024-10-22T10:47:33","customer":" ","total_amount":"2000","payment_channel":""}
{"receipt_id":596,"receipt_no":294,"transaction_date":"2024-10-23T15:33:41","customer":" ","total_amount":"0","payment_channel":""}
{"receipt_id":597,"receipt_no":295,"transaction_date":"2024-10-23T15:22:43","customer":" ","total_amount":"0","payment_channel":""}
{"receipt_id":689,"receipt_no":340,"transaction_date":"2024-10-25T11:09:04","customer":" ","total_amount":"300","payment_channel":""}
{"receipt_id":960,"receipt_no":458,"transaction_date":"2024-10-30T19:37:51","customer":"Hamida Musa","total_amount":"880","payment_channel":""}
{"receipt_id":971,"receipt_no":481,"transaction_date":"2024-10-31T11:29:54","customer":" ","total_amount":"650","payment_channel":""}
{"receipt_id":1034,"receipt_no":482,"transaction_date":"2024-10-31T21:35:32","customer":"Hamida Musa","total_amount":"200","payment_channel":""}
{"receipt_id":973,"receipt_no":483,"transaction_date":"2024-10-31T12:48:40","customer":" ","total_amount":"200","payment_channel":""}
{"receipt_id":975,"receipt_no":485,"transaction_date":"2024-10-31T13:00:38","customer":" ","total_amount":"300","payment_channel":""}
{"receipt_id":976,"receipt_no":486,"transaction_date":"2024-10-31T13:05:01","customer":" ","total_amount":"0","payment_channel":""}
{"receipt_id":1033,"receipt_no":505,"transaction_date":"2024-10-31T21:20:16","customer":"Hamida Musa","total_amount":"1550","payment_channel":""}
{"receipt_id":1032,"receipt_no":508,"transaction_date":"2024-10-31T21:19:29","customer":"Hamida Musa","total_amount":"400","payment_channel":""}
{"receipt_id":1021,"receipt_no":510,"transaction_date":"2024-10-31T19:01:40","customer":" ","total_amount":"1820","payment_channel":""}
{"receipt_id":1022,"receipt_no":511,"transaction_date":"2024-10-31T19:20:47","customer":" ","total_amount":"150","payment_channel":""}
{"receipt_id":1027,"receipt_no":515,"transaction_date":"2024-10-31T19:57:11","customer":" ","total_amount":"900","payment_channel":""}
{"receipt_id":1035,"receipt_no":516,"transaction_date":"2024-11-01T07:50:32","customer":" ","total_amount":"200","payment_channel":""}
{"receipt_id":1036,"receipt_no":517,"transaction_date":"2024-11-01T09:15:18","customer":" ","total_amount":"150","payment_channel":""}
{"receipt_id":1094,"receipt_no":520,"transaction_date":"2024-11-01T21:02:42","customer":"Hamida Musa","total_amount":"630","payment_channel":""}
{"receipt_id":1113,"receipt_no":557,"transaction_date":"2024-11-02T14:14:18","customer":" ","total_amount":"4800","payment_channel":""}
{"receipt_id":1146,"receipt_no":560,"transaction_date":"2024-11-02T20:16:58","customer":"Hamida Musa","total_amount":"500","payment_channel":""}
{"receipt_id":1145,"receipt_no":566,"transaction_date":"2024-11-02T20:16:27","customer":"Hamida Musa","total_amount":"120","payment_channel":""}
{"receipt_id":1219,"receipt_no":579,"transaction_date":"2024-11-04T21:31:17","customer":"Hamida Musa","total_amount":"420","payment_channel":""}
{"receipt_id":1183,"receipt_no":594,"transaction_date":"2024-11-04T14:34:02","customer":" ","total_amount":"870","payment_channel":""}
{"receipt_id":1220,"receipt_no":607,"transaction_date":"2024-11-04T21:31:39","customer":"Hamida Musa","total_amount":"150","payment_channel":""}
{"receipt_id":1243,"receipt_no":627,"transaction_date":"2024-11-05T13:35:17","customer":" ","total_amount":"700","payment_channel":""}
{"receipt_id":1313,"receipt_no":626,"transaction_date":"2024-11-05T21:49:59","customer":"Hamida Musa","total_amount":"1050","payment_channel":""}
{"receipt_id":1279,"receipt_no":644,"transaction_date":"2024-11-05T17:54:20","customer":" ","total_amount":"600","payment_channel":""}
{"receipt_id":1312,"receipt_no":653,"transaction_date":"2024-11-05T21:49:39","customer":"Hamida Musa","total_amount":"320","payment_channel":""}
{"receipt_id":1294,"receipt_no":657,"transaction_date":"2024-11-05T19:14:01","customer":" ","total_amount":"1650","payment_channel":""}
{"receipt_id":1306,"receipt_no":660,"transaction_date":"2024-11-05T20:07:27","customer":" ","total_amount":"1450","payment_channel":""}
{"receipt_id":1311,"receipt_no":662,"transaction_date":"2024-11-05T21:45:21","customer":" ","total_amount":"200","payment_channel":""}
{"receipt_id":1388,"receipt_no":680,"transaction_date":"2024-11-06T20:46:13","customer":"Hamida Musa","total_amount":"1000","payment_channel":""}
{"receipt_id":1389,"receipt_no":695,"transaction_date":"2024-11-06T20:47:12","customer":"Hamida Musa","total_amount":"400","payment_channel":""}
{"receipt_id":1394,"receipt_no":701,"transaction_date":"2024-11-06T21:20:03","customer":"Hamida Musa","total_amount":"600","payment_channel":""}
{"receipt_id":1458,"receipt_no":712,"transaction_date":"2024-11-07T19:41:29","customer":"Hamida Musa","total_amount":"200","payment_channel":""}
{"receipt_id":1459,"receipt_no":738,"transaction_date":"2024-11-07T19:42:07","customer":"Hamida Musa","total_amount":"350","payment_channel":""}
{"receipt_id":1460,"receipt_no":739,"transaction_date":"2024-11-07T19:59:21","customer":" ","total_amount":"200","payment_channel":""}
{"receipt_id":1461,"receipt_no":740,"transaction_date":"2024-11-07T20:00:21","customer":" ","total_amount":"200","payment_channel":""}
{"receipt_id":1567,"receipt_no":788,"transaction_date":"2024-11-08T21:08:58","customer":"Hamida Musa","total_amount":"200","payment_channel":""}
{"receipt_id":1591,"receipt_no":803,"transaction_date":"2024-11-09T14:12:14","customer":" ","total_amount":"2100","payment_channel":""}
{"receipt_id":1620,"receipt_no":804,"transaction_date":"2024-11-09T17:25:31","customer":"Hamida Musa","total_amount":"200","payment_channel":""}
{"receipt_id":1596,"receipt_no":807,"transaction_date":"2024-11-09T15:16:17","customer":" ","total_amount":"1200","payment_channel":""}
{"receipt_id":1597,"receipt_no":808,"transaction_date":"2024-11-09T13:48:06","customer":" ","total_amount":"600","payment_channel":""}
{"receipt_id":1601,"receipt_no":811,"transaction_date":"2024-11-09T16:21:00","customer":" ","total_amount":"2950","payment_channel":""}
{"receipt_id":1609,"receipt_no":816,"transaction_date":"2024-11-09T15:26:41","customer":" ","total_amount":"400","payment_channel":""}
{"receipt_id":1697,"receipt_no":828,"transaction_date":"2024-11-11T21:25:54","customer":"Hamida Musa","total_amount":"400","payment_channel":""}
{"receipt_id":1696,"receipt_no":851,"transaction_date":"2024-11-11T21:25:44","customer":" ","total_amount":"1500","payment_channel":""}
{"receipt_id":1701,"receipt_no":861,"transaction_date":"2024-11-12T09:39:47","customer":"Hamida Musa","total_amount":"9170.00","payment_channel":"Cash(9,170.00)"}
{"receipt_id":1742,"receipt_no":884,"transaction_date":"2024-11-12T15:25:48","customer":" ","total_amount":"1850","payment_channel":""}
{"receipt_id":1747,"receipt_no":887,"transaction_date":"2024-11-12T15:24:25","customer":" ","total_amount":"1900","payment_channel":""}
{"receipt_id":1787,"receipt_no":891,"transaction_date":"2024-11-12T21:28:43","customer":"ROBERT","total_amount":"4050","payment_channel":""}
{"receipt_id":1754,"receipt_no":873,"transaction_date":"2024-11-12T15:52:57","customer":"Hamida Musa","total_amount":"1050","payment_channel":""}
{"receipt_id":1779,"receipt_no":900,"transaction_date":"2024-11-12T19:52:07","customer":"Hamida Musa","total_amount":"150","payment_channel":""}
{"receipt_id":1790,"receipt_no":905,"transaction_date":"2024-11-12T21:40:49","customer":"Hamida Musa","total_amount":"320","payment_channel":""}
{"receipt_id":1836,"receipt_no":932,"transaction_date":"2024-11-13T14:30:05","customer":" ","total_amount":"450","payment_channel":""}
{"receipt_id":1837,"receipt_no":933,"transaction_date":"2024-11-13T14:30:31","customer":" ","total_amount":"200","payment_channel":""}
{"receipt_id":1903,"receipt_no":964,"transaction_date":"2024-11-14T12:47:26","customer":" ","total_amount":"1500","payment_channel":""}
{"receipt_id":1944,"receipt_no":979,"transaction_date":"2024-11-14T18:10:18","customer":"Hamida Musa","total_amount":"200","payment_channel":""}
{"receipt_id":1942,"receipt_no":981,"transaction_date":"2024-11-14T17:47:19","customer":"Hamida Musa","total_amount":"2070","payment_channel":""}
{"receipt_id":1932,"receipt_no":982,"transaction_date":"2024-11-14T15:16:34","customer":" ","total_amount":"400","payment_channel":""}
{"receipt_id":2047,"receipt_no":1013,"transaction_date":"2024-11-15T22:07:23","customer":"Hamida Musa","total_amount":"350","payment_channel":""}
{"receipt_id":2001,"receipt_no":1018,"transaction_date":"2024-11-15T15:22:03","customer":" ","total_amount":"2600","payment_channel":""}
{"receipt_id":2048,"receipt_no":1019,"transaction_date":"2024-11-15T22:08:00","customer":"Hamida Musa","total_amount":"3150","payment_channel":""}
{"receipt_id":2007,"receipt_no":1023,"transaction_date":"2024-11-15T14:49:17","customer":" ","total_amount":"300","payment_channel":""}
{"receipt_id":2046,"receipt_no":1031,"transaction_date":"2024-11-15T22:06:42","customer":"Hamida Musa","total_amount":"450","payment_channel":""}
{"receipt_id":2049,"receipt_no":1035,"transaction_date":"2024-11-15T22:08:26","customer":"Hamida Musa","total_amount":"700","payment_channel":""}
{"receipt_id":2079,"receipt_no":1055,"transaction_date":"2024-11-16T17:29:44","customer":" ","total_amount":"1100","payment_channel":""}
{"receipt_id":2088,"receipt_no":1060,"transaction_date":"2024-11-16T17:33:07","customer":" ","total_amount":"520","payment_channel":""}
{"receipt_id":2099,"receipt_no":1063,"transaction_date":"2024-11-16T20:29:25","customer":"Hamida Musa","total_amount":"360","payment_channel":""}
{"receipt_id":2114,"receipt_no":1074,"transaction_date":"2024-11-18T11:02:07","customer":" ","total_amount":"1300","payment_channel":""}
{"receipt_id":2123,"receipt_no":1078,"transaction_date":"2024-11-18T12:17:45","customer":" ","total_amount":"250","payment_channel":""}
{"receipt_id":2140,"receipt_no":1090,"transaction_date":"2024-11-18T14:02:42","customer":" ","total_amount":"1300","payment_channel":""}
{"receipt_id":2141,"receipt_no":1091,"transaction_date":"2024-11-18T13:37:33","customer":" ","total_amount":"950","payment_channel":""}
{"receipt_id":2189,"receipt_no":1108,"transaction_date":"2024-11-18T21:07:55","customer":"Hamida Musa","total_amount":"120","payment_channel":""}
{"receipt_id":2188,"receipt_no":1069,"transaction_date":"2024-11-18T21:07:33","customer":"Hamida Musa","total_amount":"1900","payment_channel":""}
{"receipt_id":2259,"receipt_no":1128,"transaction_date":"2024-11-19T16:55:07","customer":"Hamida Musa","total_amount":"300","payment_channel":""}
{"receipt_id":2273,"receipt_no":1134,"transaction_date":"2024-11-19T18:38:39","customer":"Hamida Musa","total_amount":"750","payment_channel":""}
{"receipt_id":2260,"receipt_no":1129,"transaction_date":"2024-11-19T16:55:29","customer":"Hamida Musa","total_amount":"1730","payment_channel":""}
{"receipt_id":2281,"receipt_no":1150,"transaction_date":"2024-11-19T20:29:44","customer":"ROBERT","total_amount":"2700","payment_channel":""}
{"receipt_id":2296,"receipt_no":1165,"transaction_date":"2024-11-19T21:37:11","customer":"Hamida Musa","total_amount":"900","payment_channel":""}
{"receipt_id":2375,"receipt_no":1196,"transaction_date":"2024-11-20T20:46:18","customer":"Hamida Musa","total_amount":"2850","payment_channel":""}
{"receipt_id":2442,"receipt_no":1211,"transaction_date":"2024-11-21T19:24:54","customer":"Hamida Musa","total_amount":"1950","payment_channel":""}
{"receipt_id":2411,"receipt_no":1225,"transaction_date":"2024-11-21T17:51:15","customer":" ","total_amount":"2100","payment_channel":""}
{"receipt_id":2523,"receipt_no":1256,"transaction_date":"2024-11-22T21:14:29","customer":"Hamida Musa","total_amount":"2780","payment_channel":""}
{"receipt_id":2511,"receipt_no":1275,"transaction_date":"2024-11-22T19:39:02","customer":" ","total_amount":"500","payment_channel":""}
{"receipt_id":2512,"receipt_no":1276,"transaction_date":"2024-11-22T19:42:26","customer":" ","total_amount":"30","payment_channel":""}
{"receipt_id":2554,"receipt_no":1292,"transaction_date":"2024-11-23T16:56:19","customer":"Hamida Musa","total_amount":"1970","payment_channel":""}
{"receipt_id":2548,"receipt_no":1295,"transaction_date":"2024-11-23T15:46:02","customer":" ","total_amount":"900","payment_channel":""}
{"receipt_id":2591,"receipt_no":1318,"transaction_date":"2024-11-25T12:41:00","customer":" ","total_amount":"750","payment_channel":""}
{"receipt_id":2658,"receipt_no":1330,"transaction_date":"2024-11-25T21:04:34","customer":"Hamida Musa","total_amount":"1300","payment_channel":""}
{"receipt_id":2616,"receipt_no":1333,"transaction_date":"2024-11-25T14:47:20","customer":" ","total_amount":"520","payment_channel":""}
{"receipt_id":2619,"receipt_no":1334,"transaction_date":"2024-11-25T15:14:47","customer":" ","total_amount":"1050","payment_channel":""}
{"receipt_id":2630,"receipt_no":1344,"transaction_date":"2024-11-25T17:20:22","customer":" ","total_amount":"120","payment_channel":""}
{"receipt_id":2731,"receipt_no":1382,"transaction_date":"2024-11-26T17:06:43","customer":"Hamida Musa","total_amount":"500","payment_channel":""}
{"receipt_id":2729,"receipt_no":1386,"transaction_date":"2024-11-26T16:48:50","customer":"Hamida Musa","total_amount":"1830","payment_channel":""}
{"receipt_id":2737,"receipt_no":1392,"transaction_date":"2024-11-26T17:38:26","customer":"ROBERT","total_amount":"4050.00","payment_channel":"Cash(4,050.00)"}
{"receipt_id":2738,"receipt_no":1393,"transaction_date":"2024-11-26T17:42:40","customer":"ROBERT","total_amount":"2700","payment_channel":"Cash(2,700.00)"}
{"receipt_id":2761,"receipt_no":1402,"transaction_date":"2024-11-26T20:58:27","customer":"Hamida Musa","total_amount":"6450","payment_channel":""}
{"receipt_id":2833,"receipt_no":1442,"transaction_date":"2024-11-27T18:58:38","customer":" ","total_amount":"4600","payment_channel":""}
{"receipt_id":2864,"receipt_no":1446,"transaction_date":"2024-11-27T22:18:16","customer":"Hamida Musa","total_amount":"2000","payment_channel":""}
{"receipt_id":2843,"receipt_no":1448,"transaction_date":"2024-11-27T19:28:56","customer":" ","total_amount":"800","payment_channel":""}
{"receipt_id":2902,"receipt_no":1479,"transaction_date":"2024-11-28T14:12:53","customer":" ","total_amount":"380","payment_channel":""}
{"receipt_id":2906,"receipt_no":1483,"transaction_date":"2024-11-28T13:51:31","customer":" ","total_amount":"550","payment_channel":""}
{"receipt_id":2987,"receipt_no":1524,"transaction_date":"2024-11-29T13:22:56","customer":" ","total_amount":"200","payment_channel":""}
{"receipt_id":2994,"receipt_no":1531,"transaction_date":"2024-11-29T13:47:22","customer":" ","total_amount":"750","payment_channel":""}
{"receipt_id":3061,"receipt_no":1515,"transaction_date":"2024-11-29T22:02:06","customer":"Hamida Musa","total_amount":"1050","payment_channel":""}
{"receipt_id":3060,"receipt_no":1549,"transaction_date":"2024-11-29T22:01:35","customer":"Hamida Musa","total_amount":"2350","payment_channel":""}
{"receipt_id":3086,"receipt_no":1571,"transaction_date":"2024-11-30T14:47:58","customer":" ","total_amount":"350","payment_channel":""}
{"receipt_id":3088,"receipt_no":1573,"transaction_date":"2024-11-30T14:48:53","customer":" ","total_amount":"350","payment_channel":""}
{"receipt_id":3098,"receipt_no":1583,"transaction_date":"2024-11-30T16:50:09","customer":" ","total_amount":"4150","payment_channel":""}
{"receipt_id":3123,"receipt_no":1592,"transaction_date":"2024-11-30T20:24:15","customer":" ","total_amount":"6600","payment_channel":""}
{"receipt_id":3128,"receipt_no":1595,"transaction_date":"2024-11-30T20:43:59","customer":"Hamida Musa","total_amount":"6900","payment_channel":""}
{"receipt_id":3130,"receipt_no":1596,"transaction_date":"2024-11-30T21:07:35","customer":"Hamida Musa","total_amount":"150","payment_channel":""}
{"receipt_id":3229,"receipt_no":1603,"transaction_date":"2024-12-02T19:07:58","customer":"Hamida Musa","total_amount":"150","payment_channel":""}
{"receipt_id":3247,"receipt_no":1646,"transaction_date":"2024-12-02T20:57:04","customer":"Hamida Musa","total_amount":"1180","payment_channel":""}
{"receipt_id":3256,"receipt_no":1659,"transaction_date":"2024-12-03T09:01:53","customer":" ","total_amount":"120","payment_channel":""}
{"receipt_id":3391,"receipt_no":1706,"transaction_date":"2024-12-03T22:05:43","customer":"Hamida Musa","total_amount":"350","payment_channel":""}
{"receipt_id":3393,"receipt_no":1718,"transaction_date":"2024-12-03T22:09:14","customer":"ROBERT","total_amount":"2700","payment_channel":""}
{"receipt_id":3369,"receipt_no":1721,"transaction_date":"2024-12-03T19:00:50","customer":" ","total_amount":"3800","payment_channel":""}
{"receipt_id":3428,"receipt_no":1748,"transaction_date":"2024-12-04T14:09:22","customer":" ","total_amount":"1900","payment_channel":""}
{"receipt_id":3479,"receipt_no":1764,"transaction_date":"2024-12-04T20:29:00","customer":"Hamida Musa","total_amount":"1350","payment_channel":""}
{"receipt_id":3515,"receipt_no":1796,"transaction_date":"2024-12-05T13:33:17","customer":" ","total_amount":"1800","payment_channel":""}
{"receipt_id":3522,"receipt_no":1800,"transaction_date":"2024-12-05T13:21:22","customer":" ","total_amount":"200","payment_channel":""}
{"receipt_id":3603,"receipt_no":1790,"transaction_date":"2024-12-05T19:53:12","customer":"Hamida Musa","total_amount":"1470","payment_channel":""}
{"receipt_id":3567,"receipt_no":1829,"transaction_date":"2024-12-05T16:58:09","customer":" ","total_amount":"1600","payment_channel":""}
{"receipt_id":3568,"receipt_no":1830,"transaction_date":"2024-12-05T17:03:38","customer":" ","total_amount":"1200","payment_channel":""}
{"receipt_id":3574,"receipt_no":1836,"transaction_date":"2024-12-05T17:41:10","customer":" ","total_amount":"1400","payment_channel":""}
{"receipt_id":3669,"receipt_no":1876,"transaction_date":"2024-12-06T13:50:38","customer":" ","total_amount":"1300","payment_channel":""}
{"receipt_id":3672,"receipt_no":1878,"transaction_date":"2024-12-06T14:00:03","customer":" ","total_amount":"600","payment_channel":""}
{"receipt_id":3687,"receipt_no":1887,"transaction_date":"2024-12-06T15:11:12","customer":" ","total_amount":"600","payment_channel":""}
{"receipt_id":3731,"receipt_no":1909,"transaction_date":"2024-12-06T20:10:23","customer":" ","total_amount":"650","payment_channel":""}
{"receipt_id":3732,"receipt_no":1910,"transaction_date":"2024-12-06T20:11:19","customer":" ","total_amount":"80","payment_channel":""}
{"receipt_id":3751,"receipt_no":1890,"transaction_date":"2024-12-06T22:03:48","customer":"Hamida Musa","total_amount":"2000","payment_channel":""}
{"receipt_id":3753,"receipt_no":1917,"transaction_date":"2024-12-06T22:35:52","customer":" ","total_amount":"750","payment_channel":""}
{"receipt_id":3767,"receipt_no":1925,"transaction_date":"2024-12-07T13:22:31","customer":" ","total_amount":"500","payment_channel":""}
{"receipt_id":3769,"receipt_no":1927,"transaction_date":"2024-12-07T13:29:40","customer":" ","total_amount":"30","payment_channel":""}
{"receipt_id":3772,"receipt_no":1930,"transaction_date":"2024-12-07T13:45:05","customer":" ","total_amount":"400","payment_channel":""}
{"receipt_id":3784,"receipt_no":1938,"transaction_date":"2024-12-07T14:48:26","customer":" ","total_amount":"1100","payment_channel":""}
{"receipt_id":3787,"receipt_no":1941,"transaction_date":"2024-12-07T15:23:52","customer":" ","total_amount":"100","payment_channel":""}
{"receipt_id":3810,"receipt_no":1952,"transaction_date":"2024-12-07T19:07:21","customer":" ","total_amount":"1250","payment_channel":""}
{"receipt_id":3816,"receipt_no":1953,"transaction_date":"2024-12-07T18:51:20","customer":" ","total_amount":"300","payment_channel":""}
{"receipt_id":3819,"receipt_no":1954,"transaction_date":"2024-12-07T19:20:14","customer":"Hamida Musa","total_amount":"1550","payment_channel":""}
{"receipt_id":3820,"receipt_no":1955,"transaction_date":"2024-12-09T07:31:08","customer":" ","total_amount":"270","payment_channel":""}
{"receipt_id":3822,"receipt_no":1957,"transaction_date":"2024-12-09T07:40:35","customer":" ","total_amount":"200","payment_channel":""}
{"receipt_id":3831,"receipt_no":1962,"transaction_date":"2024-12-09T09:09:50","customer":" ","total_amount":"700","payment_channel":""}
{"receipt_id":3832,"receipt_no":1963,"transaction_date":"2024-12-09T09:15:29","customer":" ","total_amount":"30","payment_channel":""}
{"receipt_id":3833,"receipt_no":1964,"transaction_date":"2024-12-09T09:15:56","customer":" ","total_amount":"730","payment_channel":""}
{"receipt_id":3834,"receipt_no":1965,"transaction_date":"2024-12-09T09:19:04","customer":" ","total_amount":"30","payment_channel":""}
{"receipt_id":3870,"receipt_no":1985,"transaction_date":"2024-12-09T13:43:39","customer":" ","total_amount":"1300","payment_channel":""}
{"receipt_id":3872,"receipt_no":1987,"transaction_date":"2024-12-09T14:07:20","customer":" ","total_amount":"500","payment_channel":""}
{"receipt_id":3881,"receipt_no":1996,"transaction_date":"2024-12-09T14:32:58","customer":" ","total_amount":"500","payment_channel":""}
{"receipt_id":3891,"receipt_no":2000,"transaction_date":"2024-12-09T15:01:16","customer":" ","total_amount":"650","payment_channel":""}
{"receipt_id":3932,"receipt_no":2008,"transaction_date":"2024-12-09T19:15:05","customer":"Hamida Musa","total_amount":"1350","payment_channel":""}
{"receipt_id":3917,"receipt_no":2012,"transaction_date":"2024-12-09T17:05:44","customer":" ","total_amount":"200","payment_channel":""}
{"receipt_id":3925,"receipt_no":2015,"transaction_date":"2024-12-09T17:57:04","customer":" ","total_amount":"200","payment_channel":""}
{"receipt_id":4064,"receipt_no":2041,"transaction_date":"2024-12-10T20:39:50","customer":"Hamida Musa","total_amount":"550","payment_channel":""}
{"receipt_id":3979,"receipt_no":2042,"transaction_date":"2024-12-10T12:24:55","customer":" ","total_amount":"700","payment_channel":""}
{"receipt_id":3980,"receipt_no":2043,"transaction_date":"2024-12-10T12:29:51","customer":" ","total_amount":"500","payment_channel":""}
{"receipt_id":4065,"receipt_no":2069,"transaction_date":"2024-12-10T20:40:11","customer":"Hamida Musa","total_amount":"640","payment_channel":""}
{"receipt_id":4103,"receipt_no":2107,"transaction_date":"2024-12-11T14:15:17","customer":" ","total_amount":"1600","payment_channel":""}
{"receipt_id":4109,"receipt_no":2113,"transaction_date":"2024-12-11T13:58:00","customer":" ","total_amount":"550","payment_channel":""}
{"receipt_id":4113,"receipt_no":2117,"transaction_date":"2024-12-11T14:24:42","customer":" ","total_amount":"250","payment_channel":""}
{"receipt_id":4114,"receipt_no":2118,"transaction_date":"2024-12-11T14:27:16","customer":" ","total_amount":"30","payment_channel":""}
{"receipt_id":4115,"receipt_no":2119,"transaction_date":"2024-12-11T14:28:07","customer":" ","total_amount":"750","payment_channel":""}
{"receipt_id":4188,"receipt_no":2122,"transaction_date":"2024-12-11T21:39:36","customer":"Hamida Musa","total_amount":"300","payment_channel":""}
{"receipt_id":4165,"receipt_no":2127,"transaction_date":"2024-12-11T19:12:03","customer":"Hamida Musa","total_amount":"150","payment_channel":""}
{"receipt_id":4227,"receipt_no":2154,"transaction_date":"2024-12-12T18:24:12","customer":"Hamida Musa","total_amount":"750","payment_channel":""}
{"receipt_id":4211,"receipt_no":2161,"transaction_date":"2024-12-12T14:58:30","customer":" ","total_amount":"850","payment_channel":""}
{"receipt_id":4212,"receipt_no":2162,"transaction_date":"2024-12-12T14:58:47","customer":" ","total_amount":"150","payment_channel":""}
{"receipt_id":4332,"receipt_no":2223,"transaction_date":"2024-12-14T14:52:45","customer":" ","total_amount":"5620","payment_channel":""}
{"receipt_id":4367,"receipt_no":2240,"transaction_date":"2024-12-16T09:01:09","customer":" ","total_amount":"270","payment_channel":""}
{"receipt_id":4368,"receipt_no":2241,"transaction_date":"2024-12-16T09:02:48","customer":" ","total_amount":"370","payment_channel":""}
{"receipt_id":4402,"receipt_no":2268,"transaction_date":"2024-12-16T14:12:50","customer":" ","total_amount":"900","payment_channel":""}
{"receipt_id":4407,"receipt_no":2273,"transaction_date":"2024-12-16T14:42:19","customer":" ","total_amount":"1500","payment_channel":""}
{"receipt_id":4411,"receipt_no":2277,"transaction_date":"2024-12-16T14:55:13","customer":" ","total_amount":"2100","payment_channel":""}
{"receipt_id":4415,"receipt_no":2281,"transaction_date":"2024-12-16T15:10:19","customer":" ","total_amount":"300","payment_channel":""}
{"receipt_id":4416,"receipt_no":2282,"transaction_date":"2024-12-16T15:17:29","customer":" ","total_amount":"500","payment_channel":""}
{"receipt_id":4467,"receipt_no":2296,"transaction_date":"2024-12-16T18:29:32","customer":" ","total_amount":"700","payment_channel":""}
{"receipt_id":4527,"receipt_no":2327,"transaction_date":"2024-12-17T12:25:43","customer":"ROBERT","total_amount":"2700","payment_channel":"Cash(2,700.00)"}
{"receipt_id":4547,"receipt_no":2339,"transaction_date":"2024-12-17T14:18:07","customer":" ","total_amount":"","payment_channel":""}
{"receipt_id":4553,"receipt_no":2342,"transaction_date":"2024-12-17T15:15:48","customer":" ","total_amount":"200","payment_channel":""}
{"receipt_id":4554,"receipt_no":2343,"transaction_date":"2024-12-17T15:16:11","customer":" ","total_amount":"200","payment_channel":""}
{"receipt_id":4555,"receipt_no":2344,"transaction_date":"2024-12-17T16:04:56","customer":" ","total_amount":"3580","payment_channel":""}
{"receipt_id":4579,"receipt_no":2357,"transaction_date":"2024-12-17T16:04:21","customer":" ","total_amount":"1300","payment_channel":""}
{"receipt_id":4612,"receipt_no":2373,"transaction_date":"2024-12-18T09:15:17","customer":" ","total_amount":"750","payment_channel":""}
{"receipt_id":4613,"receipt_no":2374,"transaction_date":"2024-12-18T08:51:28","customer":" ","total_amount":"200","payment_channel":""}
{"receipt_id":4663,"receipt_no":2408,"transaction_date":"2024-12-18T16:07:12","customer":" ","total_amount":"4400","payment_channel":""}
{"receipt_id":4703,"receipt_no":2423,"transaction_date":"2024-12-18T19:46:23","customer":" ","total_amount":"1400","payment_channel":""}
{"receipt_id":4754,"receipt_no":2450,"transaction_date":"2024-12-19T14:28:25","customer":" ","total_amount":"2800","payment_channel":""}
{"receipt_id":4830,"receipt_no":2491,"transaction_date":"2024-12-20T10:49:07","customer":" ","total_amount":"150","payment_channel":""}
{"receipt_id":4855,"receipt_no":2503,"transaction_date":"2024-12-20T13:48:03","customer":" ","total_amount":"1300","payment_channel":""}
{"receipt_id":4863,"receipt_no":2509,"transaction_date":"2024-12-20T14:57:37","customer":" ","total_amount":"6080","payment_channel":""}
{"receipt_id":4922,"receipt_no":2538,"transaction_date":"2024-12-21T10:45:45","customer":" ","total_amount":"300","payment_channel":""}
{"receipt_id":4981,"receipt_no":2567,"transaction_date":"2024-12-23T10:20:22","customer":" ","total_amount":"150","payment_channel":""}
{"receipt_id":4987,"receipt_no":2572,"transaction_date":"2024-12-23T10:41:24","customer":" ","total_amount":"700","payment_channel":""}
{"receipt_id":5029,"receipt_no":2592,"transaction_date":"2024-12-23T14:51:04","customer":" ","total_amount":"200","payment_channel":""}
{"receipt_id":5031,"receipt_no":2594,"transaction_date":"2024-12-23T15:56:23","customer":" ","total_amount":"2370","payment_channel":""}
{"receipt_id":5045,"receipt_no":2602,"transaction_date":"2024-12-23T16:45:10","customer":" ","total_amount":"200","payment_channel":""}
{"receipt_id":5049,"receipt_no":2604,"transaction_date":"2024-12-23T17:52:29","customer":" ","total_amount":"560","payment_channel":""}
{"receipt_id":5051,"receipt_no":2606,"transaction_date":"2024-12-23T17:53:36","customer":" ","total_amount":"800","payment_channel":""}
{"receipt_id":5140,"receipt_no":2650,"transaction_date":"2024-12-25T10:59:49","customer":" ","total_amount":"700","payment_channel":""}
{"receipt_id":5141,"receipt_no":2651,"transaction_date":"2024-12-25T13:13:21","customer":" ","total_amount":"1050","payment_channel":""}
{"receipt_id":5142,"receipt_no":2652,"transaction_date":"2024-12-25T14:03:28","customer":" ","total_amount":"380","payment_channel":""}
{"receipt_id":5143,"receipt_no":2653,"transaction_date":"2024-12-25T14:29:34","customer":" ","total_amount":"1000","payment_channel":""}
{"receipt_id":5144,"receipt_no":2654,"transaction_date":"2024-12-25T14:30:02","customer":" ","total_amount":"760","payment_channel":""}
{"receipt_id":5288,"receipt_no":2699,"transaction_date":"2024-12-30T19:43:27","customer":"Hamida Musa","total_amount":"150","payment_channel":""}
{"receipt_id":5300,"receipt_no":2733,"transaction_date":"2024-12-31T10:10:03","customer":" ","total_amount":"470","payment_channel":""}
{"receipt_id":5367,"receipt_no":2770,"transaction_date":"2025-01-02T11:19:55","customer":" ","total_amount":"1000","payment_channel":""}
{"receipt_id":5371,"receipt_no":2773,"transaction_date":"2025-01-02T12:06:42","customer":" ","total_amount":"200","payment_channel":""}
{"receipt_id":5381,"receipt_no":2780,"transaction_date":"2025-01-02T13:51:58","customer":" ","total_amount":"650","payment_channel":""}
{"receipt_id":5382,"receipt_no":2781,"transaction_date":"2025-01-02T13:54:51","customer":" ","total_amount":"550","payment_channel":""}
{"receipt_id":5484,"receipt_no":2832,"transaction_date":"2025-01-03T16:01:49","customer":" ","total_amount":"200","payment_channel":""}
{"receipt_id":5485,"receipt_no":2833,"transaction_date":"2025-01-03T16:10:06","customer":" ","total_amount":"400","payment_channel":""}
{"receipt_id":5527,"receipt_no":2857,"transaction_date":"2025-01-04T21:00:23","customer":" ","total_amount":"400","payment_channel":""}
{"receipt_id":5533,"receipt_no":2862,"transaction_date":"2025-01-04T15:43:06","customer":"Hamida Musa","total_amount":"600","payment_channel":""}
{"receipt_id":5559,"receipt_no":2872,"transaction_date":"2025-01-04T21:01:55","customer":" ","total_amount":"5550","payment_channel":""}
{"receipt_id":5653,"receipt_no":2886,"transaction_date":"2025-01-06T20:27:49","customer":"Hamida Musa","total_amount":"80","payment_channel":""}
{"receipt_id":5599,"receipt_no":2895,"transaction_date":"2025-01-06T13:38:39","customer":" ","total_amount":"550","payment_channel":""}
{"receipt_id":5606,"receipt_no":2899,"transaction_date":"2025-01-06T14:07:08","customer":" ","total_amount":"430","payment_channel":""}
{"receipt_id":5610,"receipt_no":2900,"transaction_date":"2025-01-06T14:14:57","customer":" ","total_amount":"750","payment_channel":""}
{"receipt_id":5627,"receipt_no":2910,"transaction_date":"2025-01-06T15:31:49","customer":" ","total_amount":"120","payment_channel":""}
{"receipt_id":5631,"receipt_no":2913,"transaction_date":"2025-01-06T15:49:23","customer":" ","total_amount":"200","payment_channel":""}
{"receipt_id":5633,"receipt_no":2915,"transaction_date":"2025-01-06T16:25:38","customer":" ","total_amount":"400","payment_channel":""}
{"receipt_id":5635,"receipt_no":2917,"transaction_date":"2025-01-06T17:42:25","customer":" ","total_amount":"660","payment_channel":""}
{"receipt_id":5970,"receipt_no":3084,"transaction_date":"2025-01-10T11:51:51","customer":" ","total_amount":"870","payment_channel":""}
{"receipt_id":5971,"receipt_no":3085,"transaction_date":"2025-01-10T11:56:48","customer":" ","total_amount":"120","payment_channel":""}
{"receipt_id":5985,"receipt_no":3094,"transaction_date":"2025-01-10T12:31:00","customer":" ","total_amount":"600","payment_channel":""}
{"receipt_id":5986,"receipt_no":3095,"transaction_date":"2025-01-10T12:34:08","customer":" ","total_amount":"1200","payment_channel":""}
{"receipt_id":5991,"receipt_no":3100,"transaction_date":"2025-01-10T13:44:57","customer":" ","total_amount":"4150","payment_channel":""}
{"receipt_id":5999,"receipt_no":3104,"transaction_date":"2025-01-10T13:53:41","customer":" ","total_amount":"1000","payment_channel":""}
{"receipt_id":6033,"receipt_no":3122,"transaction_date":"2025-01-10T15:34:32","customer":" ","total_amount":"200","payment_channel":""}
{"receipt_id":6034,"receipt_no":3123,"transaction_date":"2025-01-10T16:28:29","customer":" ","total_amount":"500","payment_channel":""}
{"receipt_id":6036,"receipt_no":3125,"transaction_date":"2025-01-10T16:38:36","customer":" ","total_amount":"500","payment_channel":""}
{"receipt_id":6037,"receipt_no":3126,"transaction_date":"2025-01-10T16:43:38","customer":" ","total_amount":"200","payment_channel":""}
{"receipt_id":6110,"receipt_no":3156,"transaction_date":"2025-01-11T18:17:45","customer":"Hamida Musa","total_amount":"1100","payment_channel":""}
{"receipt_id":6126,"receipt_no":3174,"transaction_date":"2025-01-13T10:27:24","customer":" ","total_amount":"300","payment_channel":""}
{"receipt_id":6127,"receipt_no":3175,"transaction_date":"2025-01-13T10:35:12","customer":" ","total_amount":"350","payment_channel":""}
{"receipt_id":6162,"receipt_no":3192,"transaction_date":"2025-01-13T13:39:48","customer":" ","total_amount":"1000","payment_channel":""}
{"receipt_id":6200,"receipt_no":3210,"transaction_date":"2025-01-13T16:39:33","customer":" ","total_amount":"2900","payment_channel":""}
{"receipt_id":6216,"receipt_no":3219,"transaction_date":"2025-01-13T18:58:28","customer":" ","total_amount":"720","payment_channel":""}
{"receipt_id":6242,"receipt_no":3236,"transaction_date":"2025-01-14T10:16:47","customer":" ","total_amount":"320","payment_channel":""}
{"receipt_id":6260,"receipt_no":3243,"transaction_date":"2025-01-14T11:29:06","customer":" ","total_amount":"200","payment_channel":""}
{"receipt_id":6359,"receipt_no":3294,"transaction_date":"2025-01-15T12:27:57","customer":" ","total_amount":"850","payment_channel":""}
{"receipt_id":6360,"receipt_no":3295,"transaction_date":"2025-01-15T12:30:40","customer":" ","total_amount":"320","payment_channel":""}
{"receipt_id":6419,"receipt_no":3326,"transaction_date":"2025-01-15T17:48:23","customer":" ","total_amount":"200","payment_channel":""}
{"receipt_id":6423,"receipt_no":3329,"transaction_date":"2025-01-15T18:03:50","customer":" ","total_amount":"1550","payment_channel":""}
{"receipt_id":6467,"receipt_no":3350,"transaction_date":"2025-01-16T13:05:04","customer":" ","total_amount":"1350","payment_channel":""}
{"receipt_id":6502,"receipt_no":3369,"transaction_date":"2025-01-16T15:44:50","customer":" ","total_amount":"350","payment_channel":""}
{"receipt_id":6626,"receipt_no":3431,"transaction_date":"2025-01-17T18:44:37","customer":" ","total_amount":"720","payment_channel":""}
{"receipt_id":6627,"receipt_no":3432,"transaction_date":"2025-01-17T18:56:15","customer":" ","total_amount":"500","payment_channel":""}
{"receipt_id":6628,"receipt_no":3433,"transaction_date":"2025-01-17T19:27:59","customer":" ","total_amount":"4120","payment_channel":""}
{"receipt_id":6630,"receipt_no":3435,"transaction_date":"2025-01-17T19:39:45","customer":" ","total_amount":"5020","payment_channel":""}
{"receipt_id":6661,"receipt_no":3453,"transaction_date":"2025-01-18T13:44:27","customer":" ","total_amount":"750","payment_channel":""}
{"receipt_id":6664,"receipt_no":3456,"transaction_date":"2025-01-18T15:56:16","customer":" ","total_amount":"2050","payment_channel":""}
{"receipt_id":6674,"receipt_no":3466,"transaction_date":"2025-01-18T17:15:53","customer":" ","total_amount":"800","payment_channel":""}
{"receipt_id":6727,"receipt_no":3491,"transaction_date":"2025-01-20T13:14:31","customer":" ","total_amount":"850","payment_channel":""}
{"receipt_id":6783,"receipt_no":3517,"transaction_date":"2025-01-21T09:29:24","customer":" ","total_amount":"840","payment_channel":""}
{"receipt_id":6936,"receipt_no":3597,"transaction_date":"2025-01-22T17:19:34","customer":" ","total_amount":"650","payment_channel":""}
{"receipt_id":7043,"receipt_no":3649,"transaction_date":"2025-01-24T08:33:01","customer":" ","total_amount":"150","payment_channel":""}
{"receipt_id":7045,"receipt_no":3651,"transaction_date":"2025-01-24T08:58:40","customer":" ","total_amount":"700","payment_channel":""}
{"receipt_id":7073,"receipt_no":3671,"transaction_date":"2025-01-24T20:18:49","customer":" ","total_amount":"1600","payment_channel":""}
{"receipt_id":7102,"receipt_no":3685,"transaction_date":"2025-01-24T14:57:55","customer":" ","total_amount":"650","payment_channel":""}
{"receipt_id":7109,"receipt_no":3689,"transaction_date":"2025-01-24T15:16:23","customer":" ","total_amount":"650","payment_channel":""}
{"receipt_id":7136,"receipt_no":3701,"transaction_date":"2025-01-24T19:19:26","customer":" ","total_amount":"600","payment_channel":""}
{"receipt_id":7140,"receipt_no":3702,"transaction_date":"2025-01-24T20:20:43","customer":" ","total_amount":"1600","payment_channel":""}
{"receipt_id":7164,"receipt_no":3714,"transaction_date":"2025-01-25T13:36:31","customer":" ","total_amount":"1900","payment_channel":""}
{"receipt_id":7168,"receipt_no":3716,"transaction_date":"2025-01-25T12:57:15","customer":" ","total_amount":"650","payment_channel":""}
{"receipt_id":7201,"receipt_no":3733,"transaction_date":"2025-01-27T06:42:24","customer":" ","total_amount":"240","payment_channel":""}
{"receipt_id":7202,"receipt_no":3734,"transaction_date":"2025-01-27T06:44:43","customer":" ","total_amount":"100","payment_channel":""}
{"receipt_id":7205,"receipt_no":3737,"transaction_date":"2025-01-27T07:54:49","customer":" ","total_amount":"200","payment_channel":""}
{"receipt_id":7206,"receipt_no":3738,"transaction_date":"2025-01-27T07:57:10","customer":" ","total_amount":"200","payment_channel":""}
{"receipt_id":7207,"receipt_no":3739,"transaction_date":"2025-01-27T08:02:42","customer":" ","total_amount":"400","payment_channel":""}
{"receipt_id":7208,"receipt_no":3740,"transaction_date":"2025-01-27T08:02:55","customer":" ","total_amount":"50","payment_channel":""}
{"receipt_id":7209,"receipt_no":3741,"transaction_date":"2025-01-27T08:03:05","customer":" ","total_amount":"450","payment_channel":""}
{"receipt_id":7210,"receipt_no":3742,"transaction_date":"2025-01-27T08:29:24","customer":" ","total_amount":"550","payment_channel":""}
{"receipt_id":7211,"receipt_no":3743,"transaction_date":"2025-01-27T08:30:07","customer":" ","total_amount":"200","payment_channel":""}
{"receipt_id":7212,"receipt_no":3744,"transaction_date":"2025-01-27T08:39:59","customer":" ","total_amount":"350","payment_channel":""}
{"receipt_id":7213,"receipt_no":3745,"transaction_date":"2025-01-27T08:51:34","customer":" ","total_amount":"200","payment_channel":""}
{"receipt_id":7215,"receipt_no":3747,"transaction_date":"2025-01-27T08:58:42","customer":" ","total_amount":"550","payment_channel":""}
{"receipt_id":7303,"receipt_no":3793,"transaction_date":"2025-01-28T08:52:44","customer":" ","total_amount":"200","payment_channel":""}
{"receipt_id":7304,"receipt_no":3794,"transaction_date":"2025-01-28T08:55:43","customer":" ","total_amount":"0","payment_channel":""}
{"receipt_id":7336,"receipt_no":3813,"transaction_date":"2025-01-28T13:26:21","customer":" ","total_amount":"200","payment_channel":""}
{"receipt_id":7366,"receipt_no":3833,"transaction_date":"2025-01-28T14:40:52","customer":" ","total_amount":"100","payment_channel":""}
{"receipt_id":7396,"receipt_no":3841,"transaction_date":"2025-01-28T17:50:00","customer":" ","total_amount":"430","payment_channel":""}
{"receipt_id":7398,"receipt_no":3842,"transaction_date":"2025-01-28T17:59:50","customer":" ","total_amount":"800","payment_channel":""}
{"receipt_id":7399,"receipt_no":3843,"transaction_date":"2025-01-28T18:00:03","customer":" ","total_amount":"120","payment_channel":""}
{"receipt_id":7401,"receipt_no":3845,"transaction_date":"2025-01-28T18:05:01","customer":" ","total_amount":"1430","payment_channel":""}
{"receipt_id":7402,"receipt_no":3846,"transaction_date":"2025-01-28T18:06:25","customer":" ","total_amount":"100","payment_channel":""}
{"receipt_id":7404,"receipt_no":3848,"transaction_date":"2025-01-28T18:39:32","customer":" ","total_amount":"850","payment_channel":""}
{"receipt_id":7433,"receipt_no":3862,"transaction_date":"2025-01-29T10:56:37","customer":" ","total_amount":"720","payment_channel":""}
{"receipt_id":7438,"receipt_no":3865,"transaction_date":"2025-01-29T11:18:01","customer":" ","total_amount":"150","payment_channel":""}
{"receipt_id":7451,"receipt_no":3876,"transaction_date":"2025-01-29T13:59:01","customer":" ","total_amount":"700","payment_channel":""}
{"receipt_id":7467,"receipt_no":3881,"transaction_date":"2025-01-29T14:39:10","customer":" ","total_amount":"650","payment_channel":""}
{"receipt_id":7474,"receipt_no":3884,"transaction_date":"2025-01-29T15:45:11","customer":" ","total_amount":"870","payment_channel":""}
{"receipt_id":7476,"receipt_no":3886,"transaction_date":"2025-01-29T15:51:53","customer":" ","total_amount":"120","payment_channel":""}
{"receipt_id":7547,"receipt_no":3923,"transaction_date":"2025-01-30T12:52:54","customer":" ","total_amount":"250","payment_channel":""}
{"receipt_id":7549,"receipt_no":3924,"transaction_date":"2025-01-30T12:58:41","customer":" ","total_amount":"830","payment_channel":""}
{"receipt_id":7590,"receipt_no":3946,"transaction_date":"2025-01-30T16:43:53","customer":" ","total_amount":"1800","payment_channel":""}
{"receipt_id":7591,"receipt_no":3947,"transaction_date":"2025-01-30T16:47:44","customer":" ","total_amount":"90","payment_channel":""}
{"receipt_id":7644,"receipt_no":3975,"transaction_date":"2025-01-31T11:52:35","customer":" ","total_amount":"250","payment_channel":""}
{"receipt_id":7654,"receipt_no":3979,"transaction_date":"2025-01-31T12:32:39","customer":" ","total_amount":"320","payment_channel":""}
{"receipt_id":7691,"receipt_no":4000,"transaction_date":"2025-01-31T15:25:17","customer":" ","total_amount":"650","payment_channel":""}
{"receipt_id":7693,"receipt_no":4002,"transaction_date":"2025-01-31T15:44:31","customer":" ","total_amount":"700","payment_channel":""}
{"receipt_id":7741,"receipt_no":4022,"transaction_date":"2025-02-01T14:56:27","customer":" ","total_amount":"2200","payment_channel":""}
{"receipt_id":7886,"receipt_no":4098,"transaction_date":"2025-02-04T12:21:08","customer":" ","total_amount":"1600","payment_channel":""}
{"receipt_id":7887,"receipt_no":4099,"transaction_date":"2025-02-04T11:31:31","customer":" ","total_amount":"1140","payment_channel":""}
{"receipt_id":7888,"receipt_no":4100,"transaction_date":"2025-02-04T11:47:30","customer":" ","total_amount":"550","payment_channel":""}
{"receipt_id":7892,"receipt_no":4103,"transaction_date":"2025-02-04T12:07:48","customer":" ","total_amount":"1140","payment_channel":""}
{"receipt_id":7909,"receipt_no":4115,"transaction_date":"2025-02-04T13:25:51","customer":" ","total_amount":"650","payment_channel":""}
{"receipt_id":7928,"receipt_no":4125,"transaction_date":"2025-02-04T15:12:48","customer":" ","total_amount":"750","payment_channel":""}
{"receipt_id":8022,"receipt_no":4173,"transaction_date":"2025-02-05T13:57:33","customer":" ","total_amount":"1700","payment_channel":""}
{"receipt_id":8045,"receipt_no":4183,"transaction_date":"2025-02-05T15:00:02","customer":" ","total_amount":"500","payment_channel":""}
{"receipt_id":8087,"receipt_no":4202,"transaction_date":"2025-02-06T08:42:08","customer":" ","total_amount":"830","payment_channel":""}
{"receipt_id":8090,"receipt_no":4204,"transaction_date":"2025-02-06T08:22:09","customer":" ","total_amount":"50","payment_channel":""}
{"receipt_id":8109,"receipt_no":4217,"transaction_date":"2025-02-06T11:11:45","customer":" ","total_amount":"420","payment_channel":""}
{"receipt_id":8111,"receipt_no":4219,"transaction_date":"2025-02-06T11:07:18","customer":" ","total_amount":"670","payment_channel":""}
{"receipt_id":8112,"receipt_no":4220,"transaction_date":"2025-02-06T11:17:48","customer":" ","total_amount":"80","payment_channel":""}
{"receipt_id":8113,"receipt_no":4221,"transaction_date":"2025-02-06T11:24:24","customer":" ","total_amount":"80","payment_channel":""}
{"receipt_id":8490,"receipt_no":4414,"transaction_date":"2025-02-11T13:32:35","customer":" ","total_amount":"1400","payment_channel":""}
{"receipt_id":8499,"receipt_no":4417,"transaction_date":"2025-02-11T13:38:00","customer":" ","total_amount":"500","payment_channel":""}
{"receipt_id":8581,"receipt_no":4451,"transaction_date":"2025-02-13T13:51:52","customer":" ","total_amount":"300","payment_channel":""}
{"receipt_id":8582,"receipt_no":4452,"transaction_date":"2025-02-13T13:54:51","customer":" ","total_amount":"700","payment_channel":""}
{"receipt_id":8583,"receipt_no":4453,"transaction_date":"2025-02-13T13:55:39","customer":" ","total_amount":"400","payment_channel":""}
{"receipt_id":8584,"receipt_no":4454,"transaction_date":"2025-02-13T14:00:31","customer":" ","total_amount":"1600","payment_channel":""}
{"receipt_id":8585,"receipt_no":4455,"transaction_date":"2025-02-13T14:01:37","customer":" ","total_amount":"1200","payment_channel":""}
{"receipt_id":8587,"receipt_no":4457,"transaction_date":"2025-02-13T14:19:05","customer":" ","total_amount":"5080","payment_channel":""}
{"receipt_id":8589,"receipt_no":4459,"transaction_date":"2025-02-13T14:23:22","customer":" ","total_amount":"2050","payment_channel":""}
{"receipt_id":8616,"receipt_no":4481,"transaction_date":"2025-02-13T16:01:37","customer":" ","total_amount":"6100","payment_channel":""}
{"receipt_id":8620,"receipt_no":4482,"transaction_date":"2025-02-13T16:03:37","customer":" ","total_amount":"10250","payment_channel":""}
{"receipt_id":8704,"receipt_no":4521,"transaction_date":"2025-02-14T14:20:50","customer":" ","total_amount":"","payment_channel":""}
{"receipt_id":8948,"receipt_no":4645,"transaction_date":"2025-02-18T13:39:00","customer":" ","total_amount":"1300","payment_channel":""}
{"receipt_id":9298,"receipt_no":4820,"transaction_date":"2025-02-21T13:10:34","customer":" ","total_amount":"950","payment_channel":""}
{"receipt_id":9317,"receipt_no":4829,"transaction_date":"2025-02-21T13:05:22","customer":" ","total_amount":"400","payment_channel":""}
{"receipt_id":9477,"receipt_no":4912,"transaction_date":"2025-02-24T13:39:24","customer":" ","total_amount":"3730","payment_channel":""}
{"receipt_id":9484,"receipt_no":4919,"transaction_date":"2025-02-24T13:48:54","customer":" ","total_amount":"900","payment_channel":""}
{"receipt_id":9623,"receipt_no":4983,"transaction_date":"2025-02-25T15:20:01","customer":" ","total_amount":"2030","payment_channel":""}
{"receipt_id":9687,"receipt_no":5017,"transaction_date":"2025-02-26T10:45:46","customer":" ","total_amount":"840","payment_channel":""}
{"receipt_id":9691,"receipt_no":5019,"transaction_date":"2025-02-26T11:11:33","customer":" ","total_amount":"200","payment_channel":""}
{"receipt_id":9868,"receipt_no":5110,"transaction_date":"2025-02-27T19:26:42","customer":" ","total_amount":"400","payment_channel":""}
{"receipt_id":9870,"receipt_no":5112,"transaction_date":"2025-02-27T20:05:07","customer":" ","total_amount":"1500","payment_channel":""}
{"receipt_id":9965,"receipt_no":5163,"transaction_date":"2025-02-28T16:33:36","customer":" ","total_amount":"550","payment_channel":""}
{"receipt_id":9966,"receipt_no":5164,"transaction_date":"2025-02-28T17:00:21","customer":" ","total_amount":"550","payment_channel":""}
{"receipt_id":10071,"receipt_no":5212,"transaction_date":"2025-03-03T10:14:43","customer":" ","total_amount":"120","payment_channel":""}
{"receipt_id":10072,"receipt_no":5213,"transaction_date":"2025-03-03T10:16:03","customer":" ","total_amount":"200","payment_channel":""}
{"receipt_id":10097,"receipt_no":5227,"transaction_date":"2025-03-03T13:19:09","customer":" ","total_amount":"700","payment_channel":""}
{"receipt_id":10100,"receipt_no":5230,"transaction_date":"2025-03-03T14:14:47","customer":" ","total_amount":"2200","payment_channel":""}
{"receipt_id":10128,"receipt_no":5247,"transaction_date":"2025-03-03T14:57:32","customer":" ","total_amount":"700","payment_channel":""}
{"receipt_id":10201,"receipt_no":5279,"transaction_date":"2025-03-04T12:04:40","customer":" ","total_amount":"350","payment_channel":""}
{"receipt_id":10204,"receipt_no":5282,"transaction_date":"2025-03-04T12:21:15","customer":" ","total_amount":"700","payment_channel":""}
{"receipt_id":10205,"receipt_no":5283,"transaction_date":"2025-03-04T12:29:13","customer":" ","total_amount":"350","payment_channel":""}
{"receipt_id":10207,"receipt_no":5284,"transaction_date":"2025-03-04T12:37:53","customer":" ","total_amount":"1050","payment_channel":""}
{"receipt_id":10290,"receipt_no":5325,"transaction_date":"2025-03-05T09:01:52","customer":" ","total_amount":"50","payment_channel":""}
{"receipt_id":10350,"receipt_no":5358,"transaction_date":"2025-03-05T15:50:22","customer":" ","total_amount":"30","payment_channel":""}
{"receipt_id":10351,"receipt_no":5359,"transaction_date":"2025-03-05T15:58:26","customer":" ","total_amount":"80","payment_channel":""}
{"receipt_id":10377,"receipt_no":5372,"transaction_date":"2025-03-05T19:20:11","customer":" ","total_amount":"2550","payment_channel":""}
{"receipt_id":10378,"receipt_no":5373,"transaction_date":"2025-03-05T19:44:24","customer":" ","total_amount":"2000","payment_channel":""}
{"receipt_id":10401,"receipt_no":5386,"transaction_date":"2025-03-06T12:13:09","customer":" ","total_amount":"300","payment_channel":""}
{"receipt_id":10402,"receipt_no":5387,"transaction_date":"2025-03-06T12:11:15","customer":" ","total_amount":"1300","payment_channel":""}
{"receipt_id":10415,"receipt_no":5400,"transaction_date":"2025-03-06T13:45:30","customer":" ","total_amount":"200","payment_channel":""}
{"receipt_id":10476,"receipt_no":5424,"transaction_date":"2025-03-06T18:51:05","customer":" ","total_amount":"500","payment_channel":""}
{"receipt_id":10478,"receipt_no":5426,"transaction_date":"2025-03-06T19:07:51","customer":" ","total_amount":"250","payment_channel":""}
{"receipt_id":10480,"receipt_no":5428,"transaction_date":"2025-03-06T19:18:02","customer":" ","total_amount":"250","payment_channel":""}
{"receipt_id":10483,"receipt_no":5431,"transaction_date":"2025-03-06T19:29:02","customer":" ","total_amount":"550","payment_channel":""}
{"receipt_id":10484,"receipt_no":5432,"transaction_date":"2025-03-06T19:29:16","customer":" ","total_amount":"300","payment_channel":""}
{"receipt_id":10485,"receipt_no":5433,"transaction_date":"2025-03-06T19:29:32","customer":" ","total_amount":"250","payment_channel":""}
{"receipt_id":10487,"receipt_no":5435,"transaction_date":"2025-03-06T19:29:57","customer":" ","total_amount":"550","payment_channel":""}
{"receipt_id":10539,"receipt_no":5461,"transaction_date":"2025-03-07T13:06:21","customer":" ","total_amount":"150","payment_channel":""}
{"receipt_id":10745,"receipt_no":5566,"transaction_date":"2025-03-10T17:20:55","customer":" ","total_amount":"200","payment_channel":""}
{"receipt_id":10746,"receipt_no":5567,"transaction_date":"2025-03-10T17:27:42","customer":" ","total_amount":"200","payment_channel":""}
{"receipt_id":10807,"receipt_no":5600,"transaction_date":"2025-03-11T13:46:06","customer":" ","total_amount":"1700","payment_channel":""}
{"receipt_id":10929,"receipt_no":5661,"transaction_date":"2025-03-12T13:30:42","customer":" ","total_amount":"150","payment_channel":""}
{"receipt_id":10965,"receipt_no":5679,"transaction_date":"2025-03-12T15:39:13","customer":" ","total_amount":"4070","payment_channel":""}
{"receipt_id":10979,"receipt_no":5688,"transaction_date":"2025-03-12T15:41:15","customer":" ","total_amount":"150","payment_channel":""}
{"receipt_id":10982,"receipt_no":5690,"transaction_date":"2025-03-12T15:50:11","customer":" ","total_amount":"4250","payment_channel":""}
{"receipt_id":11284,"receipt_no":5839,"transaction_date":"2025-03-15T14:51:02","customer":" ","total_amount":"150","payment_channel":""}
{"receipt_id":11287,"receipt_no":5841,"transaction_date":"2025-03-15T15:43:15","customer":" ","total_amount":"2750","payment_channel":""}
{"receipt_id":11288,"receipt_no":5842,"transaction_date":"2025-03-15T15:48:19","customer":" ","total_amount":"560","payment_channel":""}
{"receipt_id":11290,"receipt_no":5843,"transaction_date":"2025-03-15T16:01:34","customer":" ","total_amount":"200","payment_channel":""}
{"receipt_id":11308,"receipt_no":5851,"transaction_date":"2025-03-15T18:47:07","customer":" ","total_amount":"150","payment_channel":""}
{"receipt_id":11587,"receipt_no":5996,"transaction_date":"2025-03-19T19:08:34","customer":" ","total_amount":"450","payment_channel":""}
{"receipt_id":11613,"receipt_no":6006,"transaction_date":"2025-03-19T20:24:09","customer":" ","total_amount":"200","payment_channel":""}
{"receipt_id":11893,"receipt_no":6147,"transaction_date":"2025-03-22T13:58:02","customer":" ","total_amount":"1550","payment_channel":""}
{"receipt_id":12070,"receipt_no":6243,"transaction_date":"2025-03-25T14:09:46","customer":" ","total_amount":"400","payment_channel":""}
{"receipt_id":12109,"receipt_no":6256,"transaction_date":"2025-03-25T16:05:29","customer":" ","total_amount":"2440","payment_channel":""}
{"receipt_id":12111,"receipt_no":6258,"transaction_date":"2025-03-25T18:05:45","customer":" ","total_amount":"720","payment_channel":""}
{"receipt_id":12113,"receipt_no":6260,"transaction_date":"2025-03-25T18:07:36","customer":" ","total_amount":"680","payment_channel":""}
{"receipt_id":12116,"receipt_no":6263,"transaction_date":"2025-03-25T18:26:49","customer":" ","total_amount":"1590","payment_channel":""}
{"receipt_id":12117,"receipt_no":6264,"transaction_date":"2025-03-25T18:06:38","customer":" ","total_amount":"120","payment_channel":""}
{"receipt_id":12392,"receipt_no":6404,"transaction_date":"2025-03-28T15:00:42","customer":" ","total_amount":"650","payment_channel":""}
{"receipt_id":12403,"receipt_no":6407,"transaction_date":"2025-03-28T15:25:16","customer":" ","total_amount":"200","payment_channel":""}
{"receipt_id":12404,"receipt_no":6408,"transaction_date":"2025-03-28T15:26:56","customer":" ","total_amount":"400","payment_channel":""}
{"receipt_id":12408,"receipt_no":6409,"transaction_date":"2025-03-28T15:34:50","customer":" ","total_amount":"1500","payment_channel":""}
{"receipt_id":12425,"receipt_no":6419,"transaction_date":"2025-03-28T17:35:52","customer":" ","total_amount":"400","payment_channel":""}
{"receipt_id":12445,"receipt_no":6429,"transaction_date":"2025-03-28T21:01:12","customer":" ","total_amount":"1630","payment_channel":""}
{"receipt_id":12446,"receipt_no":6430,"transaction_date":"2025-03-28T20:46:40","customer":" ","total_amount":"200","payment_channel":""}
{"receipt_id":12447,"receipt_no":6431,"transaction_date":"2025-03-28T21:09:43","customer":" ","total_amount":"500","payment_channel":""}
{"receipt_id":12514,"receipt_no":6465,"transaction_date":"2025-03-29T18:53:18","customer":" ","total_amount":"1050","payment_channel":""}
{"receipt_id":12524,"receipt_no":6472,"transaction_date":"2025-03-31T15:40:38","customer":" ","total_amount":"900","payment_channel":""}
{"receipt_id":12525,"receipt_no":6473,"transaction_date":"2025-03-31T15:41:03","customer":" ","total_amount":"400","payment_channel":""}
{"receipt_id":12527,"receipt_no":6475,"transaction_date":"2025-03-31T15:45:34","customer":" ","total_amount":"480","payment_channel":""}
{"receipt_id":12528,"receipt_no":6476,"transaction_date":"2025-03-31T16:06:56","customer":" ","total_amount":"1000","payment_channel":""}
{"receipt_id":12538,"receipt_no":6482,"transaction_date":"2025-03-31T16:58:26","customer":" ","total_amount":"1600","payment_channel":""}
{"receipt_id":12540,"receipt_no":6483,"transaction_date":"2025-03-31T17:17:24","customer":" ","total_amount":"800","payment_channel":""}
{"receipt_id":12547,"receipt_no":6485,"transaction_date":"2025-03-31T18:15:08","customer":" ","total_amount":"4600","payment_channel":""}
{"receipt_id":12618,"receipt_no":6525,"transaction_date":"2025-04-01T15:32:45","customer":" ","total_amount":"2850","payment_channel":""}
{"receipt_id":12647,"receipt_no":6542,"transaction_date":"2025-04-01T17:01:49","customer":" ","total_amount":"900","payment_channel":""}
{"receipt_id":12649,"receipt_no":6544,"transaction_date":"2025-04-01T17:44:01","customer":" ","total_amount":"350","payment_channel":""}
{"receipt_id":12733,"receipt_no":6585,"transaction_date":"2025-04-03T13:49:34","customer":" ","total_amount":"850","payment_channel":""}
{"receipt_id":12741,"receipt_no":6589,"transaction_date":"2025-04-03T14:26:49","customer":" ","total_amount":"1600","payment_channel":""}
{"receipt_id":12748,"receipt_no":6592,"transaction_date":"2025-04-03T14:44:01","customer":" ","total_amount":"1750","payment_channel":""}
{"receipt_id":12878,"receipt_no":6658,"transaction_date":"2025-04-04T16:52:43","customer":" ","total_amount":"1350","payment_channel":""}
{"receipt_id":12966,"receipt_no":6701,"transaction_date":"2025-04-05T18:59:06","customer":" ","total_amount":"1000","payment_channel":""}
{"receipt_id":13169,"receipt_no":6805,"transaction_date":"2025-04-09T10:19:10","customer":" ","total_amount":"470","payment_channel":""}
{"receipt_id":13197,"receipt_no":6822,"transaction_date":"2025-04-09T13:52:08","customer":" ","total_amount":"450","payment_channel":""}
{"receipt_id":13456,"receipt_no":6953,"transaction_date":"2025-04-12T11:00:11","customer":" ","total_amount":"450","payment_channel":""}
{"receipt_id":13458,"receipt_no":6955,"transaction_date":"2025-04-12T11:47:00","customer":" ","total_amount":"3040","payment_channel":""}
{"receipt_id":13487,"receipt_no":6965,"transaction_date":"2025-04-12T15:31:26","customer":" ","total_amount":"3650","payment_channel":""}
{"receipt_id":13493,"receipt_no":6968,"transaction_date":"2025-04-12T15:57:16","customer":" ","total_amount":"2250","payment_channel":""}
{"receipt_id":13517,"receipt_no":6982,"transaction_date":"2025-04-14T12:53:50","customer":" ","total_amount":"1350","payment_channel":""}
{"receipt_id":13960,"receipt_no":7205,"transaction_date":"2025-04-21T15:45:53","customer":" ","total_amount":"1300","payment_channel":""}
{"receipt_id":14140,"receipt_no":7295,"transaction_date":"2025-04-23T15:02:35","customer":" ","total_amount":"1500","payment_channel":""}
{"receipt_id":14241,"receipt_no":7348,"transaction_date":"2025-04-24T14:28:18","customer":" ","total_amount":"9850","payment_channel":""}
{"receipt_id":14257,"receipt_no":7356,"transaction_date":"2025-04-24T15:27:52","customer":" ","total_amount":"1750","payment_channel":""}
{"receipt_id":14721,"receipt_no":7589,"transaction_date":"2025-04-30T18:45:41","customer":" ","total_amount":"200","payment_channel":""}
{"receipt_id":14722,"receipt_no":7590,"transaction_date":"2025-04-30T18:46:00","customer":" ","total_amount":"100","payment_channel":""}
{"receipt_id":14752,"receipt_no":7604,"transaction_date":"2025-05-01T17:39:41","customer":" ","total_amount":"9730","payment_channel":""}
{"receipt_id":14766,"receipt_no":7611,"transaction_date":"2025-05-01T18:22:51","customer":" ","total_amount":"5100","payment_channel":""}
{"receipt_id":14799,"receipt_no":7630,"transaction_date":"2025-05-02T12:40:51","customer":" ","total_amount":"1950","payment_channel":""}
{"receipt_id":14800,"receipt_no":7631,"transaction_date":"2025-05-02T13:10:49","customer":" ","total_amount":"1000","payment_channel":""}
{"receipt_id":14890,"receipt_no":7675,"transaction_date":"2025-05-03T16:40:14","customer":" ","total_amount":"1900","payment_channel":""}
{"receipt_id":14919,"receipt_no":7691,"transaction_date":"2025-05-03T16:33:56","customer":" ","total_amount":"1940","payment_channel":""}
{"receipt_id":15053,"receipt_no":7757,"transaction_date":"2025-05-05T21:10:45","customer":" ","total_amount":"3300","payment_channel":""}
{"receipt_id":15056,"receipt_no":7760,"transaction_date":"2025-05-05T21:15:36","customer":" ","total_amount":"1430","payment_channel":""}
{"receipt_id":15171,"receipt_no":7825,"transaction_date":"2025-05-06T18:37:19","customer":" ","total_amount":"400","payment_channel":""}
{"receipt_id":15176,"receipt_no":7826,"transaction_date":"2025-05-06T18:36:30","customer":" ","total_amount":"300","payment_channel":""}
{"receipt_id":15182,"receipt_no":7827,"transaction_date":"2025-05-06T17:12:46","customer":" ","total_amount":"350","payment_channel":""}
{"receipt_id":15298,"receipt_no":7894,"transaction_date":"2025-05-07T14:49:31","customer":" ","total_amount":"1600","payment_channel":""}
{"receipt_id":15356,"receipt_no":7912,"transaction_date":"2025-05-07T20:03:19","customer":" ","total_amount":"1700","payment_channel":""}
{"receipt_id":15381,"receipt_no":7928,"transaction_date":"2025-05-08T15:55:27","customer":" ","total_amount":"400","payment_channel":""}
{"receipt_id":15616,"receipt_no":8044,"transaction_date":"2025-05-10T16:19:55","customer":" ","total_amount":"850","payment_channel":""}
{"receipt_id":15628,"receipt_no":8051,"transaction_date":"2025-05-10T17:44:59","customer":" ","total_amount":"20","payment_channel":""}
{"receipt_id":15629,"receipt_no":8052,"transaction_date":"2025-05-10T17:48:03","customer":" ","total_amount":"20","payment_channel":""}
{"receipt_id":15979,"receipt_no":8236,"transaction_date":"2025-05-14T15:54:05","customer":" ","total_amount":"250","payment_channel":""}
{"receipt_id":16003,"receipt_no":8243,"transaction_date":"2025-05-14T18:37:35","customer":" ","total_amount":"4390","payment_channel":""}
{"receipt_id":16004,"receipt_no":8244,"transaction_date":"2025-05-14T17:30:39","customer":" ","total_amount":"350","payment_channel":""}
{"receipt_id":16155,"receipt_no":8267,"transaction_date":"2025-05-15T21:53:28","customer":"ROBERT","total_amount":"1110","payment_channel":""}
{"receipt_id":16057,"receipt_no":8270,"transaction_date":"2025-05-15T12:11:58","customer":" ","total_amount":"650","payment_channel":""}
{"receipt_id":16112,"receipt_no":8298,"transaction_date":"2025-05-15T16:16:52","customer":" ","total_amount":"1080","payment_channel":""}
{"receipt_id":16177,"receipt_no":8329,"transaction_date":"2025-05-16T10:00:30","customer":" ","total_amount":"400","payment_channel":""}
{"receipt_id":16178,"receipt_no":8330,"transaction_date":"2025-05-16T10:15:53","customer":" ","total_amount":"50","payment_channel":""}
{"receipt_id":16200,"receipt_no":8345,"transaction_date":"2025-05-16T13:06:38","customer":" ","total_amount":"1200","payment_channel":""}
{"receipt_id":16359,"receipt_no":8421,"transaction_date":"2025-05-18T12:09:40","customer":" ","total_amount":"400","payment_channel":""}
{"receipt_id":16363,"receipt_no":8424,"transaction_date":"2025-05-18T14:58:20","customer":" ","total_amount":"120","payment_channel":""}
{"receipt_id":16364,"receipt_no":8425,"transaction_date":"2025-05-18T12:59:17","customer":" ","total_amount":"30","payment_channel":""}
{"receipt_id":16513,"receipt_no":8502,"transaction_date":"2025-05-19T19:55:31","customer":" ","total_amount":"","payment_channel":""}
{"receipt_id":16671,"receipt_no":8582,"transaction_date":"2025-05-20T19:48:53","customer":" ","total_amount":"450","payment_channel":""}
{"receipt_id":16675,"receipt_no":8584,"transaction_date":"2025-05-20T20:24:45","customer":" ","total_amount":"150","payment_channel":""}
{"receipt_id":17067,"receipt_no":8783,"transaction_date":"2025-05-23T17:25:26","customer":" ","total_amount":"700","payment_channel":""}
{"receipt_id":17087,"receipt_no":8790,"transaction_date":"2025-05-23T19:04:30","customer":" ","total_amount":"1800","payment_channel":""}
{"receipt_id":17088,"receipt_no":8791,"transaction_date":"2025-05-23T19:10:58","customer":" ","total_amount":"760","payment_channel":""}
{"receipt_id":17090,"receipt_no":8792,"transaction_date":"2025-05-23T19:17:40","customer":" ","total_amount":"200","payment_channel":""}
{"receipt_id":17281,"receipt_no":8891,"transaction_date":"2025-05-26T17:11:20","customer":" ","total_amount":"730","payment_channel":""}
{"receipt_id":17450,"receipt_no":8965,"transaction_date":"2025-05-27T21:24:07","customer":"ROBERT","total_amount":"2700","payment_channel":""}
{"receipt_id":17688,"receipt_no":9102,"transaction_date":"2025-05-29T13:32:06","customer":" ","total_amount":"200","payment_channel":""}
{"receipt_id":17694,"receipt_no":9108,"transaction_date":"2025-05-29T14:42:58","customer":" ","total_amount":"4030","payment_channel":""}
{"receipt_id":17749,"receipt_no":9127,"transaction_date":"2025-05-29T17:04:58","customer":" ","total_amount":"7150","payment_channel":""}
{"receipt_id":17800,"receipt_no":9151,"transaction_date":"2025-05-30T09:44:48","customer":" ","total_amount":"200","payment_channel":""}
{"receipt_id":17805,"receipt_no":9154,"transaction_date":"2025-05-30T10:13:29","customer":" ","total_amount":"140","payment_channel":""}
{"receipt_id":17972,"receipt_no":9240,"transaction_date":"2025-05-31T13:04:50","customer":" ","total_amount":"750","payment_channel":""}
{"receipt_id":17978,"receipt_no":9242,"transaction_date":"2025-05-31T13:43:16","customer":" ","total_amount":"200","payment_channel":""}
{"receipt_id":18047,"receipt_no":9277,"transaction_date":"2025-06-01T12:43:07","customer":" ","total_amount":"380","payment_channel":""}
{"receipt_id":18053,"receipt_no":9281,"transaction_date":"2025-06-01T13:02:54","customer":" ","total_amount":"400","payment_channel":""}
{"receipt_id":18057,"receipt_no":9283,"transaction_date":"2025-06-01T13:28:54","customer":" ","total_amount":"100","payment_channel":""}
{"receipt_id":18086,"receipt_no":9298,"transaction_date":"2025-06-02T13:05:15","customer":" ","total_amount":"2000","payment_channel":""}
{"receipt_id":18089,"receipt_no":9300,"transaction_date":"2025-06-02T13:05:38","customer":" ","total_amount":"360","payment_channel":""}
{"receipt_id":18253,"receipt_no":9383,"transaction_date":"2025-06-03T16:39:41","customer":" ","total_amount":"500","payment_channel":""}
{"receipt_id":18258,"receipt_no":9387,"transaction_date":"2025-06-03T17:31:01","customer":" ","total_amount":"150","payment_channel":""}
{"receipt_id":18297,"receipt_no":9390,"transaction_date":"2025-06-03T21:45:06","customer":"ROBERT","total_amount":"2700","payment_channel":""}
{"receipt_id":18270,"receipt_no":9395,"transaction_date":"2025-06-03T19:28:20","customer":" ","total_amount":"2220","payment_channel":""}
{"receipt_id":18276,"receipt_no":9399,"transaction_date":"2025-06-03T19:28:38","customer":" ","total_amount":"100","payment_channel":""}
{"receipt_id":18310,"receipt_no":9414,"transaction_date":"2025-06-04T07:46:33","customer":" ","total_amount":"700","payment_channel":""}
{"receipt_id":18311,"receipt_no":9415,"transaction_date":"2025-06-04T07:36:33","customer":" ","total_amount":"200","payment_channel":""}
{"receipt_id":18319,"receipt_no":9420,"transaction_date":"2025-06-04T09:23:45","customer":" ","total_amount":"510","payment_channel":""}
{"receipt_id":18324,"receipt_no":9423,"transaction_date":"2025-06-04T09:22:54","customer":" ","total_amount":"100","payment_channel":""}
{"receipt_id":18591,"receipt_no":9562,"transaction_date":"2025-06-05T16:46:05","customer":" ","total_amount":"100","payment_channel":""}
{"receipt_id":18698,"receipt_no":9592,"transaction_date":"2025-06-06T20:16:47","customer":"ROBERT","total_amount":"8220","payment_channel":""}
{"receipt_id":18696,"receipt_no":9614,"transaction_date":"2025-06-06T20:01:44","customer":" ","total_amount":"1400","payment_channel":""}
{"receipt_id":18700,"receipt_no":9615,"transaction_date":"2025-06-06T20:22:54","customer":"Hamida Musa","total_amount":"1400","payment_channel":""}
{"receipt_id":18701,"receipt_no":9616,"transaction_date":"2025-06-06T20:25:14","customer":"Hamida Musa","total_amount":"800","payment_channel":""}
{"receipt_id":18702,"receipt_no":9617,"transaction_date":"2025-06-06T22:58:28","customer":"Hamida Musa","total_amount":"1050","payment_channel":""}
{"receipt_id":18764,"receipt_no":9650,"transaction_date":"2025-06-07T19:13:17","customer":" ","total_amount":"2700","payment_channel":""}
{"receipt_id":18788,"receipt_no":9666,"transaction_date":"2025-06-08T14:42:52","customer":" ","total_amount":"100","payment_channel":""}
{"receipt_id":18800,"receipt_no":9672,"transaction_date":"2025-06-08T15:51:05","customer":" ","total_amount":"100","payment_channel":""}
{"receipt_id":18802,"receipt_no":9673,"transaction_date":"2025-06-08T15:54:51","customer":" ","total_amount":"150","payment_channel":""}
{"receipt_id":18808,"receipt_no":9677,"transaction_date":"2025-06-08T17:22:01","customer":" ","total_amount":"360","payment_channel":""}
{"receipt_id":18818,"receipt_no":9679,"transaction_date":"2025-06-08T18:59:03","customer":"Zedekiah","total_amount":"430","payment_channel":""}
{"receipt_id":18825,"receipt_no":9686,"transaction_date":"2025-06-09T08:28:32","customer":" ","total_amount":"160","payment_channel":""}
{"receipt_id":18827,"receipt_no":9688,"transaction_date":"2025-06-09T08:47:17","customer":" ","total_amount":"340","payment_channel":""}
{"receipt_id":18828,"receipt_no":9689,"transaction_date":"2025-06-09T08:32:03","customer":" ","total_amount":"200","payment_channel":""}
{"receipt_id":18829,"receipt_no":9690,"transaction_date":"2025-06-09T08:47:32","customer":" ","total_amount":"160","payment_channel":""}
{"receipt_id":18965,"receipt_no":9711,"transaction_date":"2025-06-09T21:35:20","customer":"Belinda","total_amount":"50","payment_channel":""}
{"receipt_id":19084,"receipt_no":9809,"transaction_date":"2025-06-10T21:10:30","customer":"ROBERT","total_amount":"3000","payment_channel":""}
{"receipt_id":19085,"receipt_no":9818,"transaction_date":"2025-06-10T21:11:55","customer":"Reuben","total_amount":"1160","payment_channel":""}
{"receipt_id":19086,"receipt_no":9819,"transaction_date":"2025-06-10T21:38:48","customer":"Belinda","total_amount":"50.00","payment_channel":"Cash(50.00)"}
{"receipt_id":19087,"receipt_no":9820,"transaction_date":"2025-06-11T06:59:35","customer":" ","total_amount":"50","payment_channel":""}
{"receipt_id":19088,"receipt_no":9821,"transaction_date":"2025-06-11T07:07:50","customer":" ","total_amount":"150","payment_channel":""}
{"receipt_id":19105,"receipt_no":9838,"transaction_date":"2025-06-11T09:49:24","customer":" ","total_amount":"350","payment_channel":""}
{"receipt_id":19114,"receipt_no":9841,"transaction_date":"2025-06-11T10:19:48","customer":" ","total_amount":"550","payment_channel":""}
{"receipt_id":19228,"receipt_no":9842,"transaction_date":"2025-06-11T21:35:48","customer":"Jeff Kinuthia","total_amount":"150","payment_channel":""}
{"receipt_id":19124,"receipt_no":9843,"transaction_date":"2025-06-11T10:50:11","customer":" ","total_amount":"140","payment_channel":""}
{"receipt_id":19128,"receipt_no":9845,"transaction_date":"2025-06-11T10:52:59","customer":" ","total_amount":"400","payment_channel":""}
{"receipt_id":19314,"receipt_no":9901,"transaction_date":"2025-06-12T14:40:15","customer":"Hamida Musa","total_amount":"970","payment_channel":""}
{"receipt_id":19369,"receipt_no":9918,"transaction_date":"2025-06-12T21:24:08","customer":"Felix Odhiambo","total_amount":"860","payment_channel":""}
{"receipt_id":19500,"receipt_no":9977,"transaction_date":"2025-06-13T20:35:17","customer":"Jeff Kinuthia","total_amount":"150","payment_channel":""}
{"receipt_id":19414,"receipt_no":9988,"transaction_date":"2025-06-13T11:38:30","customer":" ","total_amount":"100","payment_channel":""}
{"receipt_id":19415,"receipt_no":9989,"transaction_date":"2025-06-13T11:50:51","customer":" ","total_amount":"240","payment_channel":""}
{"receipt_id":19423,"receipt_no":9996,"transaction_date":"2025-06-13T12:43:52","customer":" ","total_amount":"350","payment_channel":""}
{"receipt_id":19499,"receipt_no":10019,"transaction_date":"2025-06-13T20:34:25","customer":"ROBERT","total_amount":"6000","payment_channel":""}
{"receipt_id":19564,"receipt_no":10065,"transaction_date":"2025-06-14T16:54:11","customer":" ","total_amount":"450","payment_channel":""}
{"receipt_id":19587,"receipt_no":10075,"transaction_date":"2025-06-15T18:37:07","customer":"Reuben","total_amount":"1200","payment_channel":""}
{"receipt_id":19728,"receipt_no":10123,"transaction_date":"2025-06-16T20:59:56","customer":"Belinda","total_amount":"200","payment_channel":""}
{"receipt_id":19729,"receipt_no":10128,"transaction_date":"2025-06-16T21:02:37","customer":"Stacy","total_amount":"200","payment_channel":""}
{"receipt_id":19730,"receipt_no":10142,"transaction_date":"2025-06-16T21:02:54","customer":"Stacy","total_amount":"1540","payment_channel":""}
{"receipt_id":19760,"receipt_no":10163,"transaction_date":"2025-06-17T11:42:27","customer":" ","total_amount":"600","payment_channel":""}
{"receipt_id":19762,"receipt_no":10165,"transaction_date":"2025-06-17T12:14:46","customer":" ","total_amount":"4650","payment_channel":""}
{"receipt_id":20088,"receipt_no":10329,"transaction_date":"2025-06-20T12:49:51","customer":"Test Customer","total_amount":"250","payment_channel":""}
{"receipt_id":20089,"receipt_no":10330,"transaction_date":"2025-06-20T12:50:53","customer":"012345678","total_amount":"250","payment_channel":"Cash(25.00) M-Pesa(200.00) PDQ(25.00)"}
{"receipt_id":20095,"receipt_no":10333,"transaction_date":"2025-06-20T13:08:04","customer":"Test Customer","total_amount":"250","payment_channel":""}
{"receipt_id":20098,"receipt_no":10337,"transaction_date":"2025-06-20T13:10:49","customer":"012345678","total_amount":"250","payment_channel":"Cash(100.00) M-Pesa(100.00) PDQ(50.00)"}
{"receipt_id":20112,"receipt_no":10347,"transaction_date":"2025-06-20T13:46:30","customer":" ","total_amount":"1350","payment_channel":""}
{"receipt_id":20131,"receipt_no":10355,"transaction_date":"2025-06-20T14:38:20","customer":" ","total_amount":"1000","payment_channel":""}
{"receipt_id":20245,"receipt_no":10410,"transaction_date":"2025-06-22T13:56:56","customer":" ","total_amount":"650","payment_channel":""}
{"receipt_id":20248,"receipt_no":10413,"transaction_date":"2025-06-22T14:45:13","customer":" ","total_amount":"100","payment_channel":""}
{"receipt_id":20263,"receipt_no":10419,"transaction_date":"2025-06-22T18:29:47","customer":"Test Customer","total_amount":"1450","payment_channel":""}
{"receipt_id":20264,"receipt_no":10420,"transaction_date":"2025-06-22T18:33:24","customer":"Test Customer","total_amount":"250","payment_channel":"Cash(100.00) M-Pesa(75.00) PDQ(75.00)"}
{"receipt_id":20265,"receipt_no":10421,"transaction_date":"2025-06-22T18:52:27","customer":"Test Customer","total_amount":"250","payment_channel":""}
{"receipt_id":20266,"receipt_no":10422,"transaction_date":"2025-06-22T18:53:37","customer":"Test Customer","total_amount":"250","payment_channel":"Cash(25.00) M-Pesa(100.00) PDQ(125.00)"}
{"receipt_id":20267,"receipt_no":10423,"transaction_date":"2025-06-22T18:55:45","customer":"Test Customer","total_amount":"2250","payment_channel":""}
{"receipt_id":20268,"receipt_no":10424,"transaction_date":"2025-06-22T18:56:38","customer":"Test Customer","total_amount":"2250","payment_channel":"Cash(3,000.00)"}
{"receipt_id":20269,"receipt_no":10425,"transaction_date":"2025-06-22T19:09:35","customer":" ","total_amount":"4800","payment_channel":""}
{"receipt_id":20271,"receipt_no":10427,"transaction_date":"2025-06-22T19:55:46","customer":" ","total_amount":"1050","payment_channel":""}
{"receipt_id":20290,"receipt_no":10438,"transaction_date":"2025-06-23T09:10:18","customer":" ","total_amount":"420","payment_channel":""}
{"receipt_id":20303,"receipt_no":10445,"transaction_date":"2025-06-23T10:24:16","customer":" ","total_amount":"40","payment_channel":""}
{"receipt_id":20325,"receipt_no":10459,"transaction_date":"2025-06-23T12:46:08","customer":" ","total_amount":"250","payment_channel":""}
{"receipt_id":20331,"receipt_no":10465,"transaction_date":"2025-06-23T13:17:10","customer":" ","total_amount":"650","payment_channel":""}
{"receipt_id":20333,"receipt_no":10466,"transaction_date":"2025-06-23T13:38:30","customer":" ","total_amount":"1450","payment_channel":""}
{"receipt_id":20420,"receipt_no":10468,"transaction_date":"2025-06-23T20:51:41","customer":"Belinda","total_amount":"1250","payment_channel":""}
{"receipt_id":20569,"receipt_no":10531,"transaction_date":"2025-06-24T22:00:57","customer":"Jeff Kinuthia","total_amount":"480","payment_channel":""}
{"receipt_id":20471,"receipt_no":10536,"transaction_date":"2025-06-24T13:24:22","customer":" ","total_amount":"1750","payment_channel":""}
{"receipt_id":20493,"receipt_no":10549,"transaction_date":"2025-06-24T16:37:21","customer":" ","total_amount":"600","payment_channel":""}
{"receipt_id":20530,"receipt_no":10565,"transaction_date":"2025-06-24T16:50:12","customer":"ROBERT","total_amount":"23730","payment_channel":"Cash(23,730.00)"}
{"receipt_id":20531,"receipt_no":10566,"transaction_date":"2025-06-24T16:50:12","customer":"ROBERT","total_amount":"23730","payment_channel":"Cash(23,730.00)"}
{"receipt_id":20532,"receipt_no":10567,"transaction_date":"2025-06-24T16:50:13","customer":"ROBERT","total_amount":"23730","payment_channel":"Cash(23,730.00)"}
{"receipt_id":20568,"receipt_no":10571,"transaction_date":"2025-06-24T22:00:21","customer":"ROBERT","total_amount":"2660","payment_channel":""}
{"receipt_id":20600,"receipt_no":10600,"transaction_date":"2025-06-25T13:07:48","customer":" ","total_amount":"700","payment_channel":""}
{"receipt_id":20622,"receipt_no":10612,"transaction_date":"2025-06-26T09:09:40","customer":" ","total_amount":"250","payment_channel":""}
{"receipt_id":20625,"receipt_no":10614,"transaction_date":"2025-06-26T09:20:25","customer":" ","total_amount":"536.21","payment_channel":""}
{"receipt_id":20731,"receipt_no":10667,"transaction_date":"2025-06-26T20:53:36","customer":"Reuben","total_amount":"1800","payment_channel":""}
{"receipt_id":20847,"receipt_no":10677,"transaction_date":"2025-06-27T21:17:37","customer":"Belinda","total_amount":"350","payment_channel":""}
{"receipt_id":20790,"receipt_no":10712,"transaction_date":"2025-06-27T18:58:43","customer":" ","total_amount":"950","payment_channel":""}
{"receipt_id":20794,"receipt_no":10715,"transaction_date":"2025-06-27T20:14:16","customer":" ","total_amount":"5400","payment_channel":""}
{"receipt_id":20845,"receipt_no":10726,"transaction_date":"2025-06-27T21:10:05","customer":"Hamida Musa","total_amount":"1600","payment_channel":""}
{"receipt_id":20948,"receipt_no":10758,"transaction_date":"2025-06-29T20:07:32","customer":"Zedekiah","total_amount":"430","payment_channel":""}
{"receipt_id":20952,"receipt_no":10777,"transaction_date":"2025-06-29T21:18:15","customer":"Reuben","total_amount":"1900","payment_channel":""}
{"receipt_id":21053,"receipt_no":10784,"transaction_date":"2025-06-30T21:06:36","customer":"Jeff Kinuthia","total_amount":"1160","payment_channel":""}
{"receipt_id":20964,"receipt_no":10788,"transaction_date":"2025-06-30T09:30:40","customer":" ","total_amount":"450","payment_channel":""}
{"receipt_id":20968,"receipt_no":10789,"transaction_date":"2025-06-30T09:33:22","customer":" ","total_amount":"450","payment_channel":""}
{"receipt_id":21054,"receipt_no":10797,"transaction_date":"2025-06-30T21:06:58","customer":"Jeff Kinuthia","total_amount":"270","payment_channel":""}
{"receipt_id":21200,"receipt_no":10854,"transaction_date":"2025-07-01T21:17:25","customer":"Stacy","total_amount":"1260","payment_channel":""}
{"receipt_id":21097,"receipt_no":10858,"transaction_date":"2025-07-01T11:56:32","customer":" ","total_amount":"300","payment_channel":""}
{"receipt_id":21098,"receipt_no":10859,"transaction_date":"2025-07-01T12:07:43","customer":" ","total_amount":"580","payment_channel":""}
{"receipt_id":21144,"receipt_no":10886,"transaction_date":"2025-07-01T14:58:26","customer":" ","total_amount":"1000","payment_channel":""}
{"receipt_id":21164,"receipt_no":10894,"transaction_date":"2025-07-01T17:43:27","customer":" ","total_amount":"120","payment_channel":""}
{"receipt_id":21166,"receipt_no":10896,"transaction_date":"2025-07-01T17:42:35","customer":" ","total_amount":"280","payment_channel":""}
{"receipt_id":21199,"receipt_no":10905,"transaction_date":"2025-07-01T21:16:41","customer":"ROBERT","total_amount":"2660","payment_channel":""}
{"receipt_id":21202,"receipt_no":10911,"transaction_date":"2025-07-01T21:29:11","customer":"Belinda","total_amount":"250","payment_channel":""}
{"receipt_id":21231,"receipt_no":10930,"transaction_date":"2025-07-02T12:06:19","customer":" ","total_amount":"120","payment_channel":""}
{"receipt_id":21232,"receipt_no":10931,"transaction_date":"2025-07-02T12:14:09","customer":" ","total_amount":"40","payment_channel":""}
{"receipt_id":21293,"receipt_no":10961,"transaction_date":"2025-07-02T16:47:15","customer":" ","total_amount":"600","payment_channel":""}
{"receipt_id":21416,"receipt_no":11025,"transaction_date":"2025-07-03T17:06:47","customer":" ","total_amount":"500","payment_channel":""}
{"receipt_id":21442,"receipt_no":11029,"transaction_date":"2025-07-03T21:02:49","customer":"Belinda","total_amount":"600","payment_channel":""}
{"receipt_id":21449,"receipt_no":11041,"transaction_date":"2025-07-04T08:21:43","customer":" ","total_amount":"530","payment_channel":""}
{"receipt_id":21455,"receipt_no":11044,"transaction_date":"2025-07-04T09:45:24","customer":" ","total_amount":"100","payment_channel":""}
{"receipt_id":21456,"receipt_no":11045,"transaction_date":"2025-07-04T09:53:47","customer":" ","total_amount":"300","payment_channel":""}
{"receipt_id":21457,"receipt_no":11046,"transaction_date":"2025-07-04T09:53:33","customer":" ","total_amount":"350","payment_channel":""}
{"receipt_id":21458,"receipt_no":11047,"transaction_date":"2025-07-04T09:55:18","customer":" ","total_amount":"150","payment_channel":""}
{"receipt_id":21459,"receipt_no":11048,"transaction_date":"2025-07-05T10:58:41","customer":" ","total_amount":"100","payment_channel":""}
{"receipt_id":21471,"receipt_no":11055,"transaction_date":"2025-07-08T08:18:38","customer":"Test Customer","total_amount":"400","payment_channel":"Cash(500.00)     "}
{"receipt_id":21473,"receipt_no":11056,"transaction_date":"2025-07-08T08:20:24","customer":"Test Customer","total_amount":"800","payment_channel":""}
{"receipt_id":21474,"receipt_no":11057,"transaction_date":"2025-07-08T08:21:24","customer":"Test Customer","total_amount":"300","payment_channel":""}
{"receipt_id":21475,"receipt_no":11058,"transaction_date":"2025-07-08T08:25:22","customer":"Test Customer","total_amount":"700","payment_channel":"Cash(700.00)"}
{"receipt_id":21476,"receipt_no":11059,"transaction_date":"2025-07-08T08:27:22","customer":"Test Customer","total_amount":"400","payment_channel":"Cash(500.00)"}
{"receipt_id":21486,"receipt_no":11069,"transaction_date":"2025-07-17T20:17:47","customer":"Test Customer","total_amount":"8300","payment_channel":""}
{"receipt_id":21487,"receipt_no":11070,"transaction_date":"2025-07-17T20:18:24","customer":"Test Customer","total_amount":"8300","payment_channel":"Cash(8,300.00)"}
